[debug] [2022-12-03T21:46:36.535Z] ----------------------------------------------------------------------
[debug] [2022-12-03T21:46:36.535Z] Command:       /usr/local/bin/node /usr/local/bin/firebase deploy
[debug] [2022-12-03T21:46:36.536Z] CLI Version:   11.16.1
[debug] [2022-12-03T21:46:36.536Z] Platform:      darwin
[debug] [2022-12-03T21:46:36.536Z] Node Version:  v16.14.2
[debug] [2022-12-03T21:46:36.539Z] Time:          Sat Dec 03 2022 23:46:36 GMT+0200 (Israel Standard Time)
[debug] [2022-12-03T21:46:36.539Z] ----------------------------------------------------------------------
[debug] 
[debug] [2022-12-03T21:46:36.570Z] > refreshing access token with scopes: []
[debug] [2022-12-03T21:46:36.571Z] >>> [apiv2][query] POST https://www.googleapis.com/oauth2/v3/token [none]
[debug] [2022-12-03T21:46:36.571Z] >>> [apiv2][body] POST https://www.googleapis.com/oauth2/v3/token [omitted]
[debug] [2022-12-03T21:46:36.780Z] <<< [apiv2][status] POST https://www.googleapis.com/oauth2/v3/token 200
[debug] [2022-12-03T21:46:36.780Z] <<< [apiv2][body] POST https://www.googleapis.com/oauth2/v3/token [omitted]
[debug] [2022-12-03T21:46:36.826Z] >>> [apiv2][query] GET https://firebase.googleapis.com/v1beta1/projects/undefined [none]
[debug] [2022-12-03T21:46:37.231Z] <<< [apiv2][status] GET https://firebase.googleapis.com/v1beta1/projects/undefined 403
[debug] [2022-12-03T21:46:37.231Z] <<< [apiv2][body] GET https://firebase.googleapis.com/v1beta1/projects/undefined {"error":{"code":403,"message":"The caller does not have permission","status":"PERMISSION_DENIED"}}
[debug] [2022-12-03T21:46:37.233Z] HTTP Error: 403, The caller does not have permission
[debug] [2022-12-03T21:46:37.369Z] FirebaseError: HTTP Error: 403, The caller does not have permission
    at responseToError (/usr/local/lib/node_modules/firebase-tools/lib/responseToError.js:49:12)
    at RetryOperation._fn (/usr/local/lib/node_modules/firebase-tools/lib/apiv2.js:288:77)
    at processTicksAndRejections (node:internal/process/task_queues:96:5)
[error] 
[error] Error: Failed to get Firebase project undefined. Please make sure the project exists and your account has permission to access it.
